build/app/outputs/mapping/release/mapping.txt
# compiler: R8
# compiler_version: 2.1.62
# min_api: 20
# pg_map_id: 4bc9dc3
# common_typos_disable
...
com.google.common.util.concurrent.ListenableFuture -> b.b.a.b.a.e:
    void addListener(java.lang.Runnable,java.util.concurrent.Executor) -> a
com.google.common.util.concurrent.SettableFuture -> b.b.a.b.a.f:
    boolean setException(java.lang.Throwable) -> A
    com.google.common.util.concurrent.SettableFuture create() -> C
    boolean set(java.lang.Object) -> z
com.google.common.util.concurrent.ThreadFactoryBuilder -> b.b.a.b.a.g:
    java.lang.Integer priority -> c
    java.lang.Thread$UncaughtExceptionHandler uncaughtExceptionHandler -> d
    java.util.concurrent.ThreadFactory backingThreadFactory -> e
    java.lang.String nameFormat -> a
    java.lang.Boolean daemon -> b
    java.lang.String access$000(java.lang.String,java.lang.Object[]) -> a
    java.util.concurrent.ThreadFactory build() -> b
    java.util.concurrent.ThreadFactory doBuild(com.google.common.util.concurrent.ThreadFactoryBuilder) -> c
    java.lang.String format(java.lang.String,java.lang.Object[]) -> d
    com.google.common.util.concurrent.ThreadFactoryBuilder setNameFormat(java.lang.String) -> e
    com.google.common.util.concurrent.ThreadFactoryBuilder setPriority(int) -> f
com.google.common.util.concurrent.ThreadFactoryBuilder$1 -> b.b.a.b.a.g$a:
    java.util.concurrent.atomic.AtomicLong val$count -> c
    java.lang.Integer val$priority -> e
    java.lang.Thread$UncaughtExceptionHandler val$uncaughtExceptionHandler -> f
    java.util.concurrent.ThreadFactory val$backingThreadFactory -> a
    java.lang.String val$nameFormat -> b
    java.lang.Boolean val$daemon -> d
com.google.common.util.concurrent.Uninterruptibles -> b.b.a.b.a.h:
    java.lang.Object getUninterruptibly(java.util.concurrent.Future) -> a
com.google.common.util.concurrent.internal.InternalFutureFailureAccess -> b.b.a.b.a.i.a:
    java.lang.Throwable tryInternalFastPathGetFailure() -> b
com.google.common.util.concurrent.internal.InternalFutures -> b.b.a.b.a.i.b:
    java.lang.Throwable tryInternalFastPathGetFailure(com.google.common.util.concurrent.internal.InternalFutureFailureAccess) -> a
com.tekartik.sqflite.Database -> b.c.a.a:
    android.database.sqlite.SQLiteDatabase sqliteDatabase -> e
    boolean inTransaction -> f
    int logLevel -> d
    boolean singleInstance -> a
    java.lang.String path -> b
    int id -> c
    void close() -> a
    void deleteDatabase(java.lang.String) -> b
    android.database.sqlite.SQLiteDatabase getReadableDatabase() -> c
    java.lang.String getThreadLogPrefix() -> d
    java.lang.String getThreadLogTag() -> e
    android.database.sqlite.SQLiteDatabase getWritableDatabase() -> f
    void open() -> g
    void openReadOnly() -> h
com.tekartik.sqflite.Database$1 -> b.c.a.a$a:
com.tekartik.sqflite.LogLevel -> b.c.a.b:
    java.lang.Integer getLogLevel(io.flutter.plugin.common.MethodCall) -> a
    boolean hasSqlLevel(int) -> b
    boolean hasVerboseLevel(int) -> c