build/app/outputs/mapping/release/usage.txt
com.example.mpbsindia.R$integer
com.example.mpbsindia.BuildConfig
com.example.mpbsindia.R$drawable
com.example.mpbsindia.R$string
com.example.mpbsindia.R
com.example.mpbsindia.R$mipmap
com.example.mpbsindia.R$id
com.example.mpbsindia.R$dimen
com.example.mpbsindia.R$layout
com.example.mpbsindia.R$styleable
com.example.mpbsindia.R$style
com.example.mpbsindia.R$attr
com.example.mpbsindia.R$color
...
com.google.errorprone.annotations.FormatMethod
com.google.common.collect.TreeRangeSet$RangesByUpperBound
kotlin.random.XorWowRandom
kotlin.collections.ArraysKt___ArraysKt$groupingBy$1
com.google.common.collect.DiscreteDomain$LongDomain
com.google.common.graph.Traverser$TreeTraverser
com.google.common.hash.Funnels
com.google.common.hash.Funnels$UnencodedCharsFunnel
kotlin.jvm.internal.InlineMarker
com.google.common.collect.ImmutableSetMultimap$EntrySet
androidx.activity.R$drawable
io.flutter.plugin.common.EventChannel
kotlin.comparisons.ComparisonsKt__ComparisonsKt$thenComparator$1
com.google.common.base.Enums$StringConverter
com.google.common.collect.Iterables$1
androidx.core.content.res.FontResourcesParserCompat$FontFileResourceEntry
androidx.core.internal.view.SupportSubMenu
androidx.core.view.NestedScrollingParent3
androidx.core.provider.SelfDestructiveThread$1
io.flutter.embedding.engine.dart.DartExecutor$DartCallback
kotlin.jvm.internal.markers.KMutableListIterator
com.google.common.io.FileBackedOutputStream$MemoryOutput
kotlin.coroutines.experimental.migration.CoroutinesMigrationKt
com.google.common.util.concurrent.Callables
com.google.common.collect.Sets$PowerSet
kotlin.ParameterName
com.google.common.collect.StandardTable$RowMap$EntrySet
io.flutter.embedding.engine.FlutterEngineCache:
    public boolean contains(java.lang.String)
    public void clear()
kotlin.collections.CollectionsKt__IteratorsJVMKt$iterator$1
io.flutter.plugins.webviewflutter.R$color
androidx.core.view.ViewParentCompat
kotlin.contracts.ContractBuilder$DefaultImpls
com.google.common.collect.Synchronized$SynchronizedAsMapEntries$1$1
androidx.activity.R$styleable
androidx.webkit.internal.SafeBrowsingResponseImpl:
    public void proceed(boolean)
    public void backToSafety(boolean)
kotlin.jvm.functions.Function4
com.google.common.collect.ArrayTable$2
androidx.core.widget.PopupWindowCompat
androidx.webkit.ServiceWorkerWebSettingsCompat
androidx.webkit.internal.ServiceWorkerWebSettingsImpl
androidx.fragment.app.FragmentTransitionImpl$1
io.flutter.app.FlutterActivityDelegate
androidx.core.content.pm.PermissionInfoCompat
com.google.common.graph.AbstractGraph
com.google.common.graph.Graphs$NodeVisitState
kotlin.io.SerializableKt
androidx.core.view.ViewCompat$ScrollIndicators
io.flutter.embedding.android.SplashScreenProvider
androidx.core.view.NestedScrollingParentHelper
com.google.common.cache.RemovalListener
kotlin.jvm.internal.ByteSpreadBuilder
com.google.common.collect.MapMakerInternalMap$StrongKeyStrongValueSegment
com.google.common.escape.Escaper$1
androidx.core.view.accessibility.AccessibilityWindowInfoCompat
com.google.common.collect.ImmutableTable$SerializedForm
androidx.core.location.LocationManagerCompat
com.google.common.collect.Tables
com.google.common.base.Function
kotlin.text.Typography
io.flutter.plugins.webviewflutter.GeneratedAndroidWebView$JavaScriptChannelFlutterApiCodec
io.flutter.embedding.android.FlutterActivity$CachedEngineIntentBuilder
kotlin.ULongArray
androidx.core.provider.FontsContractCompat$4$6